mode: set
github.com/RuNpiXelruN/moq-word-search/types.go:26.67,30.2 1 1
github.com/RuNpiXelruN/moq-word-search/types.go:44.46,46.2 1 1
github.com/RuNpiXelruN/moq-word-search/search.go:16.71,18.2 1 1
github.com/RuNpiXelruN/moq-word-search/search.go:21.119,23.29 2 1
github.com/RuNpiXelruN/moq-word-search/search.go:33.2,33.15 1 1
github.com/RuNpiXelruN/moq-word-search/search.go:23.29,24.30 1 1
github.com/RuNpiXelruN/moq-word-search/search.go:24.30,25.17 1 1
github.com/RuNpiXelruN/moq-word-search/search.go:28.4,29.9 2 1
github.com/RuNpiXelruN/moq-word-search/search.go:25.17,27.5 1 1
github.com/RuNpiXelruN/moq-word-search/search.go:37.143,40.23 2 1
github.com/RuNpiXelruN/moq-word-search/search.go:44.2,47.12 3 1
github.com/RuNpiXelruN/moq-word-search/search.go:54.2,64.8 3 1
github.com/RuNpiXelruN/moq-word-search/search.go:40.23,42.3 1 1
github.com/RuNpiXelruN/moq-word-search/search.go:47.12,52.3 1 1
github.com/RuNpiXelruN/moq-word-search/search.go:68.128,69.45 1 1
github.com/RuNpiXelruN/moq-word-search/search.go:73.2,76.8 2 1
github.com/RuNpiXelruN/moq-word-search/search.go:69.45,71.3 1 1
github.com/RuNpiXelruN/moq-word-search/search.go:80.137,83.23 2 1
github.com/RuNpiXelruN/moq-word-search/search.go:87.2,92.12 4 1
github.com/RuNpiXelruN/moq-word-search/search.go:95.2,97.8 1 1
github.com/RuNpiXelruN/moq-word-search/search.go:83.23,85.3 1 1
github.com/RuNpiXelruN/moq-word-search/search.go:92.12,94.3 1 1
github.com/RuNpiXelruN/moq-word-search/server.go:21.13,56.2 1 1
github.com/RuNpiXelruN/moq-word-search/server.go:59.35,62.12 2 0
github.com/RuNpiXelruN/moq-word-search/server.go:67.2,68.12 2 0
github.com/RuNpiXelruN/moq-word-search/server.go:73.2,73.11 1 0
github.com/RuNpiXelruN/moq-word-search/server.go:62.12,65.3 2 0
github.com/RuNpiXelruN/moq-word-search/server.go:68.12,71.3 2 0
github.com/RuNpiXelruN/moq-word-search/server.go:77.48,79.16 2 0
github.com/RuNpiXelruN/moq-word-search/server.go:83.2,88.12 4 0
github.com/RuNpiXelruN/moq-word-search/server.go:79.16,81.3 1 0
github.com/RuNpiXelruN/moq-word-search/server.go:92.48,100.16 7 0
github.com/RuNpiXelruN/moq-word-search/server.go:104.2,104.42 1 0
github.com/RuNpiXelruN/moq-word-search/server.go:100.16,102.3 1 0
